#
# There is insufficient memory for the Java Runtime Environment to continue.
# Native memory allocation (malloc) failed to allocate 1048576 bytes for AllocateHeap
# Possible reasons:
#   The system is out of physical RAM or swap space
#   In 32 bit mode, the process size limit was hit
# Possible solutions:
#   Reduce memory load on the system
#   Increase physical memory or swap space
#   Check if swap backing store is full
#   Use 64 bit Java on a 64 bit OS
#   Decrease Java heap size (-Xmx/-Xms)
#   Decrease number of Java threads
#   Decrease Java thread stack sizes (-Xss)
#   Set larger key cache with -XX:ReservedCodeCacheSize=
# This output file may be truncated or incomplete.
#
#  Out of Memory Error (memory/allocation.inline.hpp:61), pid=1576, tid=0x0000000000001598
#
# JRE version:  (8.0_92-b14) (build )
# Java VM: Java HotSpot(TM) 64-Bit Server VM (25.92-b14 mixed mode windows-amd64 compressed oops)
# Failed to write core dump. Minidumps are not enabled by default on client versions of Windows
#

---------------  T H R E A D  ---------------

Current thread (0x00000000022d2800):  JavaThread "Unknown thread" [_thread_in_vm, id=5528, stack(0x00000000021d0000,0x00000000022d0000)]

Stack: [0x00000000021d0000,0x00000000022d0000]
[error occurred during error reporting (printing stack bounds), id 0xc0000005]

Native frames: (J=compiled Java key, j=interpreted, Vv=VM key, C=native key)


---------------  P R O C E S S  ---------------

Java Threads: ( => current thread )

Other Threads:

=>0x00000000022d2800 (exited) JavaThread "Unknown thread" [_thread_in_vm, id=5528, stack(0x00000000021d0000,0x00000000022d0000)]

VM state:not at safepoint (normal execution)

VM Mutex/Monitor currently owned by a thread: None

Heap:
 PSYoungGen      total 38400K, used 665K [0x00000000eab00000, 0x00000000ed580000, 0x0000000100000000)
  eden space 33280K, 2% used [0x00000000eab00000,0x00000000eaba6670,0x00000000ecb80000)
  from space 5120K, 0% used [0x00000000ed080000,0x00000000ed080000,0x00000000ed580000)
  to   space 5120K, 0% used [0x00000000ecb80000,0x00000000ecb80000,0x00000000ed080000)
 ParOldGen       total 87552K, used 0K [0x00000000c0000000, 0x00000000c5580000, 0x00000000eab00000)
  object space 87552K, 0% used [0x00000000c0000000,0x00000000c0000000,0x00000000c5580000)
 Metaspace       used 769K, capacity 4480K, committed 4480K, reserved 1056768K
  class space    used 75K, capacity 384K, committed 384K, reserved 1048576K

Card table byte_map: [0x0000000011790000,0x00000000119a0000] byte_map_base: 0x0000000011190000

Marking Bits: (ParMarkBitMap*) 0x000000006df664f0
 Begin Bits: [0x0000000011f00000, 0x0000000012f00000)
 End Bits:   [0x0000000012f00000, 0x0000000013f00000)

Polling page: 0x0000000000810000

CodeCache: size=245760Kb used=328Kb max_used=328Kb free=245431Kb
 bounds [0x00000000023d0000, 0x0000000002640000, 0x00000000113d0000]
 total_blobs=58 nmethods=0 adapters=38
 compilation: enabled

Compilation events (0 events):
No events

GC Heap History (0 events):
No events

Deoptimization events (0 events):
No events

Internal exceptions (0 events):
No events

Events (10 events):
Event: 0.037 loading class java/lang/Short
Event: 0.037 loading class java/lang/Short done
Event: 0.037 loading class java/lang/Integer
Event: 0.037 loading class java/lang/Integer done
Event: 0.037 loading class java/lang/Long
Event: 0.037 loading class java/lang/Long done
Event: 0.039 loading class java/lang/NullPointerException
Event: 0.039 loading class java/lang/NullPointerException done
Event: 0.039 loading class java/lang/ArithmeticException
Event: 0.044 loading class java/lang/ArithmeticException done


Dynamic libraries:
0x00007ff772640000 - 0x00007ff772677000 	C:\Program Files\Java\jdk1.8.0_92\bin\java.exe
0x00007ffdb23e0000 - 0x00007ffdb258d000 	C:\windows\SYSTEM32\ntdll.dll
0x00007ffdafdb0000 - 0x00007ffdafeee000 	C:\windows\system32\KERNEL32.DLL
0x00007ffdaf8f0000 - 0x00007ffdafa05000 	C:\windows\system32\KERNELBASE.dll
0x00007ffdad350000 - 0x00007ffdad3de000 	C:\windows\system32\apphelp.dll
0x00007ffd94400000 - 0x00007ffd94453000 	C:\windows\AppPatch\AppPatch64\AcGenral.DLL
0x00007ffdafb40000 - 0x00007ffdafbea000 	C:\windows\system32\msvcrt.dll
0x00007ffdaf5e0000 - 0x00007ffdaf60e000 	C:\windows\system32\SspiCli.dll
0x00007ffdb1fe0000 - 0x00007ffdb2034000 	C:\windows\system32\SHLWAPI.dll
0x00007ffdb2040000 - 0x00007ffdb21b7000 	C:\windows\system32\USER32.dll
0x00007ffdb1a50000 - 0x00007ffdb1be4000 	C:\windows\system32\ole32.dll
0x00007ffdb04c0000 - 0x00007ffdb19ea000 	C:\windows\system32\SHELL32.dll
0x00007ffdaeb60000 - 0x00007ffdaeb81000 	C:\windows\SYSTEM32\USERENV.dll
0x00007ffdb1de0000 - 0x00007ffdb1e8a000 	C:\windows\system32\ADVAPI32.dll
0x00007ffd95720000 - 0x00007ffd9573e000 	C:\windows\SYSTEM32\MPR.dll
0x00007ffdb01d0000 - 0x00007ffdb0310000 	C:\windows\system32\RPCRT4.dll
0x00007ffdb19f0000 - 0x00007ffdb1a49000 	C:\windows\SYSTEM32\sechost.dll
0x00007ffdb21c0000 - 0x00007ffdb23d1000 	C:\windows\SYSTEM32\combase.dll
0x00007ffdb1e90000 - 0x00007ffdb1fdf000 	C:\windows\system32\GDI32.dll
0x00007ffdaf510000 - 0x00007ffdaf525000 	C:\windows\SYSTEM32\profapi.dll
0x00007ffdacd20000 - 0x00007ffdacdd2000 	C:\windows\SYSTEM32\SHCORE.dll
0x00007ffdafef0000 - 0x00007ffdaff26000 	C:\windows\system32\IMM32.DLL
0x00007ffdb1bf0000 - 0x00007ffdb1d42000 	C:\windows\system32\MSCTF.dll
0x00007ffdac600000 - 0x00007ffdac87b000 	C:\windows\WinSxS\amd64_microsoft.windows.common-controls_6595b64144ccf1df_6.0.9600.18006_none_623f33d3ecbe86e8\COMCTL32.dll
0x000000006d1a0000 - 0x000000006d272000 	C:\Program Files\Java\jdk1.8.0_92\jre\bin\msvcr100.dll
0x000000006d750000 - 0x000000006dfe6000 	C:\Program Files\Java\jdk1.8.0_92\jre\bin\server\jvm.dll
0x00007ffdadfc0000 - 0x00007ffdadfc9000 	C:\windows\SYSTEM32\WSOCK32.dll
0x00007ffdac480000 - 0x00007ffdac4a2000 	C:\windows\SYSTEM32\WINMM.dll
0x00007ffdaa6f0000 - 0x00007ffdaa6fa000 	C:\windows\SYSTEM32\VERSION.dll
0x00007ffdb1d60000 - 0x00007ffdb1d67000 	C:\windows\system32\PSAPI.DLL
0x00007ffdafa70000 - 0x00007ffdafaca000 	C:\windows\system32\WS2_32.dll
0x00007ffdac430000 - 0x00007ffdac45a000 	C:\windows\SYSTEM32\WINMMBASE.dll
0x00007ffdafbf0000 - 0x00007ffdafbf9000 	C:\windows\system32\NSI.dll
0x00007ffdaf6c0000 - 0x00007ffdaf70f000 	C:\windows\SYSTEM32\cfgmgr32.dll
0x00007ffdae180000 - 0x00007ffdae1a8000 	C:\windows\SYSTEM32\DEVOBJ.dll
0x000000006d660000 - 0x000000006d66f000 	C:\Program Files\Java\jdk1.8.0_92\jre\bin\verify.dll
0x000000006d630000 - 0x000000006d659000 	C:\Program Files\Java\jdk1.8.0_92\jre\bin\java.dll
0x000000006d610000 - 0x000000006d626000 	C:\Program Files\Java\jdk1.8.0_92\jre\bin\zip.dll

VM Arguments:
jvm_args: -Djava.awt.headless=true -Xmx1024M -Dfile.encoding=windows-1252 -Duser.country=MY -Duser.language=en -Duser.variant 
java_command: com.android.dx.command.Main --dex --force-jumbo --num-threads=4 --output C:\Users\user\Desktop\Task Tracker Versions\Last\TaskTracker\app\build\intermediates\pre-dexed\debug\com.google.android.gms-play-services-auth-base-9.0.2_688fcfcd20c7bbe859acaf6ae590f6790c673c45.jar C:\Users\user\Desktop\Task Tracker Versions\Last\TaskTracker\app\build\intermediates\exploded-aar\com.google.android.gms\play-services-auth-base\9.0.2\jars\classes.jar
java_class_path (initial): C:\Users\user\AppData\Local\Android\sdk1\build-tools\23.0.2\lib\dx.jar
Launcher Type: SUN_STANDARD

Environment Variables:
JAVA_HOME=C:\Program Files (x86)\Java\jdk1.8.0_91
PATH=C:\Python27\;C:\Python27\Scripts;C:\ProgramData\Oracle\Java\javapath;C:\Program Files (x86)\Intel\iCLS Client\;C:\Program Files\Intel\iCLS Client\;C:\windows\system32;C:\windows;C:\windows\System32\Wbem;C:\windows\System32\WindowsPowerShell\v1.0\;C:\Program Files\Intel\Intel(R) Management Engine Components\DAL;C:\Program Files\Intel\Intel(R) Management Engine Components\IPT;C:\Program Files (x86)\Intel\Intel(R) Management Engine Components\DAL;C:\Program Files (x86)\Intel\Intel(R) Management Engine Components\IPT;C:\Program Files (x86)\GtkSharp\2.12\bin;C:\Program Files\Git\cmd;C:\Program Files\nodejs\;C:\Users\user\Anaconda2;C:\Users\user\Anaconda2\Scripts;C:\Users\user\Anaconda2\Library\bin;C:\Program Files\Docker Toolbox;C:\Users\user\AppData\Local\atom\bin;C:\Users\user\AppData\Roaming\npm;C:\Python27;C:\Program Files\apache-maven-3.3.9-bin\apache-maven-3.3.9\bin;C:\Program Files\Java\jdk1.8.0_92\bin
USERNAME=user
OS=Windows_NT
PROCESSOR_IDENTIFIER=Intel64 Family 6 Model 69 Stepping 1, GenuineIntel



---------------  S Y S T E M  ---------------

OS: Windows 8.1 , 64 bit Build 9600 (6.3.9600.17415)

CPU:total 4 (2 cores per cpu, 2 threads per core) family 6 model 69 stepping 1, cmov, cx8, fxsr, mmx, sse, sse2, sse3, ssse3, sse4.1, sse4.2, popcnt, avx, avx2, aes, clmul, erms, lzcnt, ht, tsc, tscinvbit, bmi1, bmi2

Memory: 4k page, physical 8298776k(859276k free), swap 8298776k(5716k free)

vm_info: Java HotSpot(TM) 64-Bit Server VM (25.92-b14) for windows-amd64 JRE (1.8.0_92-b14), built on Mar 31 2016 21:03:04 by "java_re" with MS VC++ 10.0 (VS2010)

time: Mon Jul 11 23:11:52 2016
elapsed time: 0 seconds (0d 0h 0m 0s)

